<?xml version="1.0" encoding="UTF-8"?>
<!-- Generated by org.testng.reporters.JUnitXMLReporter -->
<testsuite ignored="0" hostname="TYSS-Chaithra" failures="1" tests="1" name="Test" time="16.768" errors="0" timestamp="2022-01-22T16:06:04 IST">
  <testcase classname="com.crm.autodesk.orgtest.CreateOrgTest" name="createOrgTest" time="7.521">
    <failure type="java.lang.AssertionError" message="null">
      <![CDATA[java.lang.AssertionError: null
at com.crm.autodesk.orgtest.CreateOrgTest.createOrgTest(CreateOrgTest.java:61)
at java.base/java.util.ArrayList.forEach(ArrayList.java:1541)
... Removed 29 stack frames]]>
    </failure>
  </testcase> <!-- createOrgTest -->
</testsuite> <!-- Test -->
